Added Component: Designator=BUZZER1(5020BUZZER)
Added Component: Designator=C1(C0603)
Add component (AddParameter): Name = "BOM名称"; Value = "无极性贴片电容"; VariantName = "[No Variations]"
Add component (AddParameter): Name = "学习资源"; Value = "www.ooocke.com"; VariantName = "[No Variations]"
Add component (AddParameter): Name = "版权归属"; Value = "源创客"; VariantName = "[No Variations]"
Added Component: Designator=C2(C0603)
Add component (AddParameter): Name = "BOM名称"; Value = "无极性贴片电容"; VariantName = "[No Variations]"
Add component (AddParameter): Name = "学习资源"; Value = "www.ooocke.com"; VariantName = "[No Variations]"
Add component (AddParameter): Name = "版权归属"; Value = "源创客"; VariantName = "[No Variations]"
Added Component: Designator=C3(C_0603)
Added Component: Designator=C4(C_0603)
Added Component: Designator=C6(C_0603)
Added Component: Designator=C7(C_0603)
Added Component: Designator=C8(C_0603)
Added Component: Designator=C9(C_0603)
Added Component: Designator=C10(C_0603)
Added Component: Designator=C11(C_0603)
Added Component: Designator=C12(C_0603)
Added Component: Designator=C13(C_0603)
Added Component: Designator=C14(C_0603)
Added Component: Designator=C15(C_0603)
Added Component: Designator=C16(C_0603)
Added Component: Designator=C17(C_0603)
Added Component: Designator=C18(C_0603)
Added Component: Designator=C19(C_0603)
Added Component: Designator=C20(C_0603)
Added Component: Designator=C21(C_0603)
Added Component: Designator=C22(C_0603)
Added Component: Designator=C23(C_0603)
Added Component: Designator=DZx1(SOT23-3N)
Added Component: Designator=H1(H_Header_1X2)
Add component (AddParameter): Name = "LatestRevisionDate"; Value = "17-Jul-2002"; VariantName = "[No Variations]"
Add component (AddParameter): Name = "LatestRevisionNote"; Value = "Re-released for DXP Platform."; VariantName = "[No Variations]"
Add component (AddParameter): Name = "Publisher"; Value = "Altium Limited"; VariantName = "[No Variations]"
Added Component: Designator=H2(H_Header_1X4)
Add component (AddParameter): Name = "LatestRevisionDate"; Value = "17-Jul-2002"; VariantName = "[No Variations]"
Add component (AddParameter): Name = "LatestRevisionNote"; Value = "Re-released for DXP Platform."; VariantName = "[No Variations]"
Add component (AddParameter): Name = "Publisher"; Value = "Altium Limited"; VariantName = "[No Variations]"
Added Component: Designator=IC1(SOT23-6N)
Added Component: Designator=IC2(SOP8_N)
Added Component: Designator=IC3(QFN24 4x4_M)
Added Component: Designator=L4(Y_LED_0603_B)
Added Component: Designator=LED1(D0603G)
Add component (AddParameter): Name = "BOM名称"; Value = "贴片LED"; VariantName = "[No Variations]"
Add component (AddParameter): Name = "学习资源"; Value = "www.ooocke.com"; VariantName = "[No Variations]"
Add component (AddParameter): Name = "版权归属"; Value = "源创客"; VariantName = "[No Variations]"
Added Component: Designator=LED2(D0603R)
Add component (AddParameter): Name = "BOM名称"; Value = "贴片LED"; VariantName = "[No Variations]"
Add component (AddParameter): Name = "学习资源"; Value = "www.ooocke.com"; VariantName = "[No Variations]"
Add component (AddParameter): Name = "版权归属"; Value = "源创客"; VariantName = "[No Variations]"
Added Component: Designator=Q1(SOT23-3N)
Add component (AddParameter): Name = "BOM名称"; Value = "P沟道场效应管"; VariantName = "[No Variations]"
Add component (AddParameter): Name = "学习资源"; Value = "www.ooocke.com"; VariantName = "[No Variations]"
Add component (AddParameter): Name = "版权归属"; Value = "源创客"; VariantName = "[No Variations]"
Added Component: Designator=Q2(SOT23-3N)
Add component (AddParameter): Name = "BOM名称"; Value = "低噪放大-NPN型"; VariantName = "[No Variations]"
Add component (AddParameter): Name = "学习资源"; Value = "www.ooocke.com"; VariantName = "[No Variations]"
Add component (AddParameter): Name = "属性"; Value = "50V 0.1A 0.4W 150MHZ"; VariantName = "[No Variations]"
Add component (AddParameter): Name = "版权归属"; Value = "源创客"; VariantName = "[No Variations]"
Added Component: Designator=Q3(SOT23-3N)
Add component (AddParameter): Name = "BOM名称"; Value = "高频放大-NPN型"; VariantName = "[No Variations]"
Add component (AddParameter): Name = "学习资源"; Value = "www.ooocke.com"; VariantName = "[No Variations]"
Add component (AddParameter): Name = "属性"; Value = "40V 1.5A 1W 100MHZ"; VariantName = "[No Variations]"
Add component (AddParameter): Name = "版权归属"; Value = "源创客"; VariantName = "[No Variations]"
Added Component: Designator=R1(R0603)
Add component (AddParameter): Name = "BOM名称"; Value = "贴片电阻"; VariantName = "[No Variations]"
Add component (AddParameter): Name = "学习资源"; Value = "www.ooocke.com"; VariantName = "[No Variations]"
Add component (AddParameter): Name = "版权归属"; Value = "源创客"; VariantName = "[No Variations]"
Added Component: Designator=R2(R_0603)
Added Component: Designator=R3(R0603)
Add component (AddParameter): Name = "BOM名称"; Value = "贴片电阻"; VariantName = "[No Variations]"
Add component (AddParameter): Name = "学习资源"; Value = "www.ooocke.com"; VariantName = "[No Variations]"
Add component (AddParameter): Name = "版权归属"; Value = "源创客"; VariantName = "[No Variations]"
Added Component: Designator=R4(R0603)
Add component (AddParameter): Name = "BOM名称"; Value = "贴片电阻"; VariantName = "[No Variations]"
Add component (AddParameter): Name = "学习资源"; Value = "www.ooocke.com"; VariantName = "[No Variations]"
Add component (AddParameter): Name = "版权归属"; Value = "源创客"; VariantName = "[No Variations]"
Added Component: Designator=R5(R0603)
Add component (AddParameter): Name = "BOM名称"; Value = "贴片电阻"; VariantName = "[No Variations]"
Add component (AddParameter): Name = "学习资源"; Value = "www.ooocke.com"; VariantName = "[No Variations]"
Add component (AddParameter): Name = "版权归属"; Value = "源创客"; VariantName = "[No Variations]"
Added Component: Designator=R6(R0603)
Add component (AddParameter): Name = "BOM名称"; Value = "贴片电阻"; VariantName = "[No Variations]"
Add component (AddParameter): Name = "学习资源"; Value = "www.ooocke.com"; VariantName = "[No Variations]"
Add component (AddParameter): Name = "版权归属"; Value = "源创客"; VariantName = "[No Variations]"
Added Component: Designator=R7(R0603)
Add component (AddParameter): Name = "BOM名称"; Value = "贴片电阻"; VariantName = "[No Variations]"
Add component (AddParameter): Name = "学习资源"; Value = "www.ooocke.com"; VariantName = "[No Variations]"
Add component (AddParameter): Name = "版权归属"; Value = "源创客"; VariantName = "[No Variations]"
Added Component: Designator=R8(R0603)
Add component (AddParameter): Name = "BOM名称"; Value = "贴片电阻"; VariantName = "[No Variations]"
Add component (AddParameter): Name = "学习资源"; Value = "www.ooocke.com"; VariantName = "[No Variations]"
Add component (AddParameter): Name = "版权归属"; Value = "源创客"; VariantName = "[No Variations]"
Added Component: Designator=R11(R_0603)
Added Component: Designator=R13(R_0603)
Added Component: Designator=R14(R_0603)
Added Component: Designator=R15(R_0603)
Added Component: Designator=R16(R_0603)
Added Component: Designator=R17(R_0603)
Added Component: Designator=R18(R_0603)
Added Component: Designator=R19(R_0603)
Added Component: Designator=R20(R_0603)
Added Component: Designator=R21(R_0603)
Added Component: Designator=SW1(2X4X3.5贴片侧按开关)
Added Component: Designator=SW3(2X4X3.5贴片侧按开关)
Added Component: Designator=SW4(2X4X3.5贴片侧按开关)
Added Component: Designator=SW5(2X4X3.5贴片侧按开关)
Added Component: Designator=U1(I_LQFP-48)
Added Component: Designator=U2(H_USB_Mini_A)
Added Component: Designator=V1(SOT23-3N)
Add component (AddParameter): Name = "BOM名称"; Value = "低压差线性稳压芯片"; VariantName = "[No Variations]"
Add component (AddParameter): Name = "学习资源"; Value = "www.ooocke.com"; VariantName = "[No Variations]"
Add component (AddParameter): Name = "版权归属"; Value = "源创客"; VariantName = "[No Variations]"
Added Component: Designator=V2(SOT23-3N)
Add component (AddParameter): Name = "BOM名称"; Value = "低压差线性稳压芯片"; VariantName = "[No Variations]"
Add component (AddParameter): Name = "学习资源"; Value = "www.ooocke.com"; VariantName = "[No Variations]"
Add component (AddParameter): Name = "版权归属"; Value = "源创客"; VariantName = "[No Variations]"
Added Component: Designator=V3(SOT23-3N)
Add component (AddParameter): Name = "BOM名称"; Value = "低压差线性稳压芯片"; VariantName = "[No Variations]"
Add component (AddParameter): Name = "学习资源"; Value = "www.ooocke.com"; VariantName = "[No Variations]"
Add component (AddParameter): Name = "版权归属"; Value = "源创客"; VariantName = "[No Variations]"
Added Component: Designator=X1(XTAL-3.2*1.3MM)
Added Pin To Net: NetName=1V8 Pin=C14-2
Added Pin To Net: NetName=1V8 Pin=C16-2
Added Pin To Net: NetName=1V8 Pin=V2-2
Added Net: Name=1V8
Added Pin To Net: NetName=3V3 Pin=BUZZER1-1
Added Pin To Net: NetName=3V3 Pin=C3-2
Added Pin To Net: NetName=3V3 Pin=C7-2
Added Pin To Net: NetName=3V3 Pin=C8-2
Added Pin To Net: NetName=3V3 Pin=C9-2
Added Pin To Net: NetName=3V3 Pin=C10-1
Added Pin To Net: NetName=3V3 Pin=C12-1
Added Pin To Net: NetName=3V3 Pin=C23-2
Added Pin To Net: NetName=3V3 Pin=H2-2
Added Pin To Net: NetName=3V3 Pin=IC3-8
Added Pin To Net: NetName=3V3 Pin=IC3-9
Added Pin To Net: NetName=3V3 Pin=IC3-13
Added Pin To Net: NetName=3V3 Pin=R13-2
Added Pin To Net: NetName=3V3 Pin=R14-2
Added Pin To Net: NetName=3V3 Pin=R15-2
Added Pin To Net: NetName=3V3 Pin=R16-2
Added Pin To Net: NetName=3V3 Pin=R18-2
Added Pin To Net: NetName=3V3 Pin=U1-1
Added Pin To Net: NetName=3V3 Pin=U1-9
Added Pin To Net: NetName=3V3 Pin=U1-24
Added Pin To Net: NetName=3V3 Pin=U1-36
Added Pin To Net: NetName=3V3 Pin=U1-48
Added Pin To Net: NetName=3V3 Pin=V1-2
Added Pin To Net: NetName=3V3 Pin=V3-2
Added Net: Name=3V3
Added Pin To Net: NetName=5V Pin=C1-2
Added Pin To Net: NetName=5V Pin=IC1-4
Added Pin To Net: NetName=5V Pin=R1-2
Added Pin To Net: NetName=5V Pin=U2-1
Added Net: Name=5V
Added Pin To Net: NetName=ADC Pin=R19-2
Added Pin To Net: NetName=ADC Pin=R20-1
Added Pin To Net: NetName=ADC Pin=U1-15
Added Net: Name=ADC
Added Pin To Net: NetName=BEEP Pin=R7-1
Added Pin To Net: NetName=BEEP Pin=U1-25
Added Net: Name=BEEP
Added Pin To Net: NetName=CLK Pin=R17-2
Added Pin To Net: NetName=CLK Pin=U1-37
Added Pin To Net: NetName=CLK Pin=U2-3
Added Net: Name=CLK
Added Pin To Net: NetName=DIO Pin=R18-1
Added Pin To Net: NetName=DIO Pin=U1-34
Added Pin To Net: NetName=DIO Pin=U2-2
Added Net: Name=DIO
Added Pin To Net: NetName=GND Pin=C1-1
Added Pin To Net: NetName=GND Pin=C2-1
Added Pin To Net: NetName=GND Pin=C3-1
Added Pin To Net: NetName=GND Pin=C4-1
Added Pin To Net: NetName=GND Pin=C6-1
Added Pin To Net: NetName=GND Pin=C7-1
Added Pin To Net: NetName=GND Pin=C8-1
Added Pin To Net: NetName=GND Pin=C9-1
Added Pin To Net: NetName=GND Pin=C10-2
Added Pin To Net: NetName=GND Pin=C11-2
Added Pin To Net: NetName=GND Pin=C12-2
Added Pin To Net: NetName=GND Pin=C13-2
Added Pin To Net: NetName=GND Pin=C14-1
Added Pin To Net: NetName=GND Pin=C15-1
Added Pin To Net: NetName=GND Pin=C16-1
Added Pin To Net: NetName=GND Pin=C17-1
Added Pin To Net: NetName=GND Pin=C18-2
Added Pin To Net: NetName=GND Pin=C19-1
Added Pin To Net: NetName=GND Pin=C20-1
Added Pin To Net: NetName=GND Pin=C21-1
Added Pin To Net: NetName=GND Pin=C22-1
Added Pin To Net: NetName=GND Pin=C23-1
Added Pin To Net: NetName=GND Pin=H1-2
Added Pin To Net: NetName=GND Pin=H2-1
Added Pin To Net: NetName=GND Pin=IC1-2
Added Pin To Net: NetName=GND Pin=IC2-2
Added Pin To Net: NetName=GND Pin=IC2-5
Added Pin To Net: NetName=GND Pin=IC3-1
Added Pin To Net: NetName=GND Pin=IC3-11
Added Pin To Net: NetName=GND Pin=IC3-18
Added Pin To Net: NetName=GND Pin=L4-2
Added Pin To Net: NetName=GND Pin=Q2-2
Added Pin To Net: NetName=GND Pin=Q3-2
Added Pin To Net: NetName=GND Pin=R2-1
Added Pin To Net: NetName=GND Pin=R6-2
Added Pin To Net: NetName=GND Pin=R8-1
Added Pin To Net: NetName=GND Pin=R11-1
Added Pin To Net: NetName=GND Pin=R17-1
Added Pin To Net: NetName=GND Pin=R20-2
Added Pin To Net: NetName=GND Pin=SW1-1
Added Pin To Net: NetName=GND Pin=SW3-2
Added Pin To Net: NetName=GND Pin=SW4-1
Added Pin To Net: NetName=GND Pin=SW5-1
Added Pin To Net: NetName=GND Pin=U1-8
Added Pin To Net: NetName=GND Pin=U1-23
Added Pin To Net: NetName=GND Pin=U1-35
Added Pin To Net: NetName=GND Pin=U1-47
Added Pin To Net: NetName=GND Pin=U2-5
Added Pin To Net: NetName=GND Pin=V1-1
Added Pin To Net: NetName=GND Pin=V2-1
Added Pin To Net: NetName=GND Pin=V3-1
Added Pin To Net: NetName=GND Pin=X1-2
Added Net: Name=GND
Added Pin To Net: NetName=LED Pin=R21-2
Added Pin To Net: NetName=LED Pin=U1-39
Added Net: Name=LED
Added Pin To Net: NetName=NetBUZZER1_2 Pin=BUZZER1-2
Added Pin To Net: NetName=NetBUZZER1_2 Pin=Q3-3
Added Net: Name=NetBUZZER1_2
Added Pin To Net: NetName=NetC11_1 Pin=C11-1
Added Pin To Net: NetName=NetC11_1 Pin=IC3-10
Added Net: Name=NetC11_1
Added Pin To Net: NetName=NetC13_1 Pin=C13-1
Added Pin To Net: NetName=NetC13_1 Pin=IC3-20
Added Net: Name=NetC13_1
Added Pin To Net: NetName=NetC21_2 Pin=C21-2
Added Pin To Net: NetName=NetC21_2 Pin=DZx1-3
Added Pin To Net: NetName=NetC21_2 Pin=SW1-2
Added Net: Name=NetC21_2
Added Pin To Net: NetName=NetDZx1_1 Pin=DZx1-1
Added Pin To Net: NetName=NetDZx1_1 Pin=Q1-1
Added Pin To Net: NetName=NetDZx1_1 Pin=Q2-3
Added Pin To Net: NetName=NetDZx1_1 Pin=R4-1
Added Net: Name=NetDZx1_1
Added Pin To Net: NetName=NetIC1_1 Pin=IC1-1
Added Pin To Net: NetName=NetIC1_1 Pin=LED2-2
Added Net: Name=NetIC1_1
Added Pin To Net: NetName=NetIC1_5 Pin=IC1-5
Added Pin To Net: NetName=NetIC1_5 Pin=LED1-2
Added Net: Name=NetIC1_5
Added Pin To Net: NetName=NetIC1_6 Pin=IC1-6
Added Pin To Net: NetName=NetIC1_6 Pin=R2-2
Added Net: Name=NetIC1_6
Added Pin To Net: NetName=NetIC2_1 Pin=IC2-1
Added Pin To Net: NetName=NetIC2_1 Pin=R14-1
Added Net: Name=NetIC2_1
Added Pin To Net: NetName=NetIC2_3 Pin=IC2-3
Added Pin To Net: NetName=NetIC2_3 Pin=R13-1
Added Net: Name=NetIC2_3
Added Pin To Net: NetName=NetL4_1 Pin=L4-1
Added Pin To Net: NetName=NetL4_1 Pin=R21-1
Added Net: Name=NetL4_1
Added Pin To Net: NetName=NetLED1_1 Pin=LED1-1
Added Pin To Net: NetName=NetLED1_1 Pin=LED2-1
Added Pin To Net: NetName=NetLED1_1 Pin=R1-1
Added Net: Name=NetLED1_1
Added Pin To Net: NetName=NetQ2_1 Pin=Q2-1
Added Pin To Net: NetName=NetQ2_1 Pin=R5-2
Added Pin To Net: NetName=NetQ2_1 Pin=R6-1
Added Net: Name=NetQ2_1
Added Pin To Net: NetName=NetQ3_1 Pin=Q3-1
Added Pin To Net: NetName=NetQ3_1 Pin=R7-2
Added Pin To Net: NetName=NetQ3_1 Pin=R8-2
Added Net: Name=NetQ3_1
Added Pin To Net: NetName=NetR11_2 Pin=R11-2
Added Pin To Net: NetName=NetR11_2 Pin=U1-44
Added Net: Name=NetR11_2
Added Pin To Net: NetName=NetU1_5 Pin=U1-5
Added Pin To Net: NetName=NetU1_5 Pin=X1-1
Added Net: Name=NetU1_5
Added Pin To Net: NetName=NetU1_6 Pin=U1-6
Added Pin To Net: NetName=NetU1_6 Pin=X1-3
Added Net: Name=NetU1_6
Added Pin To Net: NetName=POWER_MODE Pin=DZx1-2
Added Pin To Net: NetName=POWER_MODE Pin=R3-1
Added Pin To Net: NetName=POWER_MODE Pin=U1-11
Added Net: Name=POWER_MODE
Added Pin To Net: NetName=POWER_ON Pin=R5-1
Added Pin To Net: NetName=POWER_ON Pin=U1-12
Added Net: Name=POWER_ON
Added Pin To Net: NetName=SCL2 Pin=IC2-8
Added Pin To Net: NetName=SCL2 Pin=IC3-23
Added Pin To Net: NetName=SCL2 Pin=R15-1
Added Pin To Net: NetName=SCL2 Pin=U1-21
Added Net: Name=SCL2
Added Pin To Net: NetName=SCL Pin=H2-3
Added Pin To Net: NetName=SCL Pin=U1-42
Added Net: Name=SCL
Added Pin To Net: NetName=SDA2 Pin=IC2-7
Added Pin To Net: NetName=SDA2 Pin=IC3-24
Added Pin To Net: NetName=SDA2 Pin=R16-1
Added Pin To Net: NetName=SDA2 Pin=U1-22
Added Net: Name=SDA2
Added Pin To Net: NetName=SDA Pin=H2-4
Added Pin To Net: NetName=SDA Pin=U1-43
Added Net: Name=SDA
Added Pin To Net: NetName=SW1 Pin=C18-1
Added Pin To Net: NetName=SW1 Pin=SW3-1
Added Pin To Net: NetName=SW1 Pin=U1-26
Added Net: Name=SW1
Added Pin To Net: NetName=SW2 Pin=C20-2
Added Pin To Net: NetName=SW2 Pin=SW5-2
Added Pin To Net: NetName=SW2 Pin=U1-14
Added Net: Name=SW2
Added Pin To Net: NetName=SW3 Pin=C19-2
Added Pin To Net: NetName=SW3 Pin=SW4-2
Added Pin To Net: NetName=SW3 Pin=U1-38
Added Net: Name=SW3
Added Pin To Net: NetName=VBAT Pin=C2-2
Added Pin To Net: NetName=VBAT Pin=C6-2
Added Pin To Net: NetName=VBAT Pin=H1-1
Added Pin To Net: NetName=VBAT Pin=IC1-3
Added Pin To Net: NetName=VBAT Pin=IC2-6
Added Pin To Net: NetName=VBAT Pin=Q1-2
Added Pin To Net: NetName=VBAT Pin=R4-2
Added Net: Name=VBAT
Added Pin To Net: NetName=VBIN Pin=C4-2
Added Pin To Net: NetName=VBIN Pin=C15-2
Added Pin To Net: NetName=VBIN Pin=C17-2
Added Pin To Net: NetName=VBIN Pin=C22-2
Added Pin To Net: NetName=VBIN Pin=Q1-3
Added Pin To Net: NetName=VBIN Pin=R3-2
Added Pin To Net: NetName=VBIN Pin=R19-1
Added Pin To Net: NetName=VBIN Pin=V1-3
Added Pin To Net: NetName=VBIN Pin=V2-3
Added Pin To Net: NetName=VBIN Pin=V3-3
Added Net: Name=VBIN
Added Class: Name=MCU
Added Class: Name=power
Added Room: Name=MCU
Added Room: Name=power
